<?xml version="1.0" encoding="UTF-8"?>
<testsuite name="hello.hellospinrg.HelloSpinrgApplicationTests" tests="1" skipped="0" failures="0" errors="0" timestamp="2023-02-07T21:58:29" hostname="baghaengbog-ui-MacBookPro.local" time="0.4">
  <properties/>
  <testcase name="contextLoads()" classname="hello.hellospinrg.HelloSpinrgApplicationTests" time="0.4"/>
  <system-out><![CDATA[06:58:27.659 [Test worker] DEBUG org.springframework.test.context.BootstrapUtils - Instantiating CacheAwareContextLoaderDelegate from class [org.springframework.test.context.cache.DefaultCacheAwareContextLoaderDelegate]
06:58:27.670 [Test worker] DEBUG org.springframework.test.context.BootstrapUtils - Instantiating BootstrapContext using constructor [public org.springframework.test.context.support.DefaultBootstrapContext(java.lang.Class,org.springframework.test.context.CacheAwareContextLoaderDelegate)]
06:58:27.707 [Test worker] DEBUG org.springframework.test.context.BootstrapUtils - Instantiating TestContextBootstrapper for test class [hello.hellospinrg.HelloSpinrgApplicationTests] from class [org.springframework.boot.test.context.SpringBootTestContextBootstrapper]
06:58:27.718 [Test worker] INFO org.springframework.boot.test.context.SpringBootTestContextBootstrapper - Neither @ContextConfiguration nor @ContextHierarchy found for test class [hello.hellospinrg.HelloSpinrgApplicationTests], using SpringBootContextLoader
06:58:27.722 [Test worker] DEBUG org.springframework.test.context.support.AbstractContextLoader - Did not detect default resource location for test class [hello.hellospinrg.HelloSpinrgApplicationTests]: class path resource [hello/hellospinrg/HelloSpinrgApplicationTests-context.xml] does not exist
06:58:27.723 [Test worker] DEBUG org.springframework.test.context.support.AbstractContextLoader - Did not detect default resource location for test class [hello.hellospinrg.HelloSpinrgApplicationTests]: class path resource [hello/hellospinrg/HelloSpinrgApplicationTestsContext.groovy] does not exist
06:58:27.723 [Test worker] INFO org.springframework.test.context.support.AbstractContextLoader - Could not detect default resource locations for test class [hello.hellospinrg.HelloSpinrgApplicationTests]: no resource found for suffixes {-context.xml, Context.groovy}.
06:58:27.724 [Test worker] INFO org.springframework.test.context.support.AnnotationConfigContextLoaderUtils - Could not detect default configuration classes for test class [hello.hellospinrg.HelloSpinrgApplicationTests]: HelloSpinrgApplicationTests does not declare any static, non-private, non-final, nested classes annotated with @Configuration.
06:58:27.764 [Test worker] DEBUG org.springframework.test.context.support.ActiveProfilesUtils - Could not find an 'annotation declaring class' for annotation type [org.springframework.test.context.ActiveProfiles] and class [hello.hellospinrg.HelloSpinrgApplicationTests]
06:58:27.822 [Test worker] DEBUG org.springframework.context.annotation.ClassPathScanningCandidateComponentProvider - Identified candidate component class: file [/Users/baghaengbog/Desktop/Study/hello-spinrg/build/classes/java/main/hello/hellospinrg/HelloSpinrgApplication.class]
06:58:27.823 [Test worker] INFO org.springframework.boot.test.context.SpringBootTestContextBootstrapper - Found @SpringBootConfiguration hello.hellospinrg.HelloSpinrgApplication for test class hello.hellospinrg.HelloSpinrgApplicationTests
06:58:27.928 [Test worker] DEBUG org.springframework.boot.test.context.SpringBootTestContextBootstrapper - @TestExecutionListeners is not present for class [hello.hellospinrg.HelloSpinrgApplicationTests]: using defaults.
06:58:27.929 [Test worker] INFO org.springframework.boot.test.context.SpringBootTestContextBootstrapper - Loaded default TestExecutionListener class names from location [META-INF/spring.factories]: [org.springframework.boot.test.autoconfigure.restdocs.RestDocsTestExecutionListener, org.springframework.boot.test.autoconfigure.web.client.MockRestServiceServerResetTestExecutionListener, org.springframework.boot.test.autoconfigure.web.servlet.MockMvcPrintOnlyOnFailureTestExecutionListener, org.springframework.boot.test.autoconfigure.web.servlet.WebDriverTestExecutionListener, org.springframework.boot.test.autoconfigure.webservices.client.MockWebServiceServerTestExecutionListener, org.springframework.boot.test.mock.mockito.MockitoTestExecutionListener, org.springframework.boot.test.mock.mockito.ResetMocksTestExecutionListener, org.springframework.test.context.web.ServletTestExecutionListener, org.springframework.test.context.support.DirtiesContextBeforeModesTestExecutionListener, org.springframework.test.context.event.ApplicationEventsTestExecutionListener, org.springframework.test.context.support.DependencyInjectionTestExecutionListener, org.springframework.test.context.support.DirtiesContextTestExecutionListener, org.springframework.test.context.transaction.TransactionalTestExecutionListener, org.springframework.test.context.jdbc.SqlScriptsTestExecutionListener, org.springframework.test.context.event.EventPublishingTestExecutionListener]
06:58:27.940 [Test worker] DEBUG org.springframework.boot.test.context.SpringBootTestContextBootstrapper - Skipping candidate TestExecutionListener [org.springframework.test.context.transaction.TransactionalTestExecutionListener] due to a missing dependency. Specify custom listener classes or make the default listener classes and their required dependencies available. Offending class: [org/springframework/transaction/TransactionDefinition]
06:58:27.940 [Test worker] DEBUG org.springframework.boot.test.context.SpringBootTestContextBootstrapper - Skipping candidate TestExecutionListener [org.springframework.test.context.jdbc.SqlScriptsTestExecutionListener] due to a missing dependency. Specify custom listener classes or make the default listener classes and their required dependencies available. Offending class: [org/springframework/transaction/interceptor/TransactionAttribute]
06:58:27.941 [Test worker] INFO org.springframework.boot.test.context.SpringBootTestContextBootstrapper - Using TestExecutionListeners: [org.springframework.test.context.web.ServletTestExecutionListener@324c64cd, org.springframework.test.context.support.DirtiesContextBeforeModesTestExecutionListener@13579834, org.springframework.test.context.event.ApplicationEventsTestExecutionListener@24be2d9c, org.springframework.boot.test.mock.mockito.MockitoTestExecutionListener@5bd73d1a, org.springframework.boot.test.autoconfigure.SpringBootDependencyInjectionTestExecutionListener@aec50a1, org.springframework.test.context.support.DirtiesContextTestExecutionListener@2555fff0, org.springframework.test.context.event.EventPublishingTestExecutionListener@70d2e40b, org.springframework.boot.test.autoconfigure.restdocs.RestDocsTestExecutionListener@120f38e6, org.springframework.boot.test.autoconfigure.web.client.MockRestServiceServerResetTestExecutionListener@7a0e1b5e, org.springframework.boot.test.autoconfigure.web.servlet.MockMvcPrintOnlyOnFailureTestExecutionListener@702ed190, org.springframework.boot.test.autoconfigure.web.servlet.WebDriverTestExecutionListener@173b9122, org.springframework.boot.test.autoconfigure.webservices.client.MockWebServiceServerTestExecutionListener@7c18432b, org.springframework.boot.test.mock.mockito.ResetMocksTestExecutionListener@7646731d]
06:58:27.944 [Test worker] DEBUG org.springframework.test.context.support.AbstractDirtiesContextTestExecutionListener - Before test class: context [DefaultTestContext@57f791c6 testClass = HelloSpinrgApplicationTests, testInstance = [null], testMethod = [null], testException = [null], mergedContextConfiguration = [WebMergedContextConfiguration@51650883 testClass = HelloSpinrgApplicationTests, locations = '{}', classes = '{class hello.hellospinrg.HelloSpinrgApplication}', contextInitializerClasses = '[]', activeProfiles = '{}', propertySourceLocations = '{}', propertySourceProperties = '{org.springframework.boot.test.context.SpringBootTestContextBootstrapper=true}', contextCustomizers = set[org.springframework.boot.test.autoconfigure.actuate.metrics.MetricsExportContextCustomizerFactory$DisableMetricExportContextCustomizer@1ae67cad, org.springframework.boot.test.autoconfigure.properties.PropertyMappingContextCustomizer@0, org.springframework.boot.test.autoconfigure.web.servlet.WebDriverContextCustomizerFactory$Customizer@45905bff, org.springframework.boot.test.context.filter.ExcludeFilterContextCustomizer@66b7550d, org.springframework.boot.test.json.DuplicateJsonObjectContextCustomizerFactory$DuplicateJsonObjectContextCustomizer@4212a0c8, org.springframework.boot.test.mock.mockito.MockitoContextCustomizer@0, org.springframework.boot.test.web.client.TestRestTemplateContextCustomizer@62452cc9, org.springframework.boot.test.context.SpringBootTestArgs@1, org.springframework.boot.test.context.SpringBootTestWebEnvironment@41f69e84], resourceBasePath = 'src/main/webapp', contextLoader = 'org.springframework.boot.test.context.SpringBootContextLoader', parent = [null]], attributes = map['org.springframework.test.context.web.ServletTestExecutionListener.activateListener' -> true]], class annotated with @DirtiesContext [false] with mode [null].

  .   ____          _            __ _ _
 /\\ / ___'_ __ _ _(_)_ __  __ _ \ \ \ \
( ( )\___ | '_ | '_| | '_ \/ _` | \ \ \ \
 \\/  ___)| |_)| | | | | || (_| |  ) ) ) )
  '  |____| .__|_| |_|_| |_\__, | / / / /
 =========|_|==============|___/=/_/_/_/
 :: Spring Boot ::                (v2.7.8)

2023-02-08 06:58:28.284  INFO 4501 --- [    Test worker] h.h.HelloSpinrgApplicationTests          : Starting HelloSpinrgApplicationTests using Java 11.0.18 on baghaengbog-ui-MacBookPro.local with PID 4501 (started by baghaengbog in /Users/baghaengbog/Desktop/Study/hello-spinrg)
2023-02-08 06:58:28.285  INFO 4501 --- [    Test worker] h.h.HelloSpinrgApplicationTests          : No active profile set, falling back to 1 default profile: "default"
2023-02-08 06:58:29.421  INFO 4501 --- [    Test worker] o.s.b.a.w.s.WelcomePageHandlerMapping    : Adding welcome page: class path resource [static/index.html]
2023-02-08 06:58:29.687  INFO 4501 --- [    Test worker] h.h.HelloSpinrgApplicationTests          : Started HelloSpinrgApplicationTests in 1.704 seconds (JVM running for 2.931)
]]></system-out>
  <system-err><![CDATA[]]></system-err>
</testsuite>
